2025-11-25 06:40:24,026 INFO: Aircraft Monitoring System startup [in D:\saravanan\Airsafety\app.py:74]
2025-11-25 06:40:26,302 INFO: Aircraft Monitoring System startup [in D:\saravanan\Airsafety\app.py:74]
2025-11-25 06:40:54,296 ERROR: Failed to load model: STACK_GLOBAL requires str [in D:\saravanan\Airsafety\module2_routes.py:40]
2025-11-25 06:42:14,386 ERROR: Failed to load model: STACK_GLOBAL requires str [in D:\saravanan\Airsafety\module2_routes.py:40]
2025-11-25 06:42:14,387 ERROR: Failed to load model: STACK_GLOBAL requires str [in D:\saravanan\Airsafety\module2_routes.py:40]
2025-11-25 06:42:50,503 INFO: Aircraft Monitoring System startup [in D:\saravanan\Airsafety\app.py:74]
2025-11-25 06:49:24,723 INFO: Aircraft Monitoring System startup [in D:\saravanan\Airsafety\app.py:74]
2025-11-25 06:49:26,905 INFO: Aircraft Monitoring System startup [in D:\saravanan\Airsafety\app.py:74]
2025-11-25 06:49:52,094 INFO: Module 2 model loaded successfully [in D:\saravanan\Airsafety\module2_routes.py:53]
2025-11-25 06:51:04,020 INFO: Module 3 model loaded successfully [in D:\saravanan\Airsafety\module3_routes.py:53]
2025-11-25 06:51:59,553 ERROR: Error processing prediction: Specifying the columns using strings is only supported for dataframes. [in D:\saravanan\Airsafety\module3_routes.py:146]
2025-11-25 06:57:09,379 INFO: Aircraft Monitoring System startup [in D:\saravanan\Airsafety\app.py:74]
2025-11-25 06:57:11,449 INFO: Aircraft Monitoring System startup [in D:\saravanan\Airsafety\app.py:74]
2025-11-25 06:57:41,842 INFO: Module 3 model loaded successfully [in D:\saravanan\Airsafety\module3_routes.py:54]
2025-11-25 06:59:55,208 INFO: Module 2 model loaded successfully [in D:\saravanan\Airsafety\module2_routes.py:54]
2025-11-25 07:02:04,538 INFO: Aircraft Monitoring System startup [in D:\saravanan\Airsafety\app.py:74]
2025-11-25 07:02:04,538 INFO: Aircraft Monitoring System startup [in D:\saravanan\Airsafety\app.py:74]
2025-11-25 07:11:48,432 INFO: Aircraft Monitoring System startup [in D:\saravanan\Airsafety\app.py:74]
2025-11-25 07:11:50,830 INFO: Aircraft Monitoring System startup [in D:\saravanan\Airsafety\app.py:74]
2025-11-25 07:12:15,455 INFO: Aircraft Monitoring System startup [in D:\saravanan\Airsafety\app.py:74]
2025-11-25 07:12:15,455 INFO: Aircraft Monitoring System startup [in D:\saravanan\Airsafety\app.py:74]
2025-11-25 07:13:49,511 INFO: Module 2 model loaded successfully [in D:\saravanan\Airsafety\module2_routes.py:58]
2025-11-25 07:13:49,511 INFO: Module 2 model loaded successfully [in D:\saravanan\Airsafety\module2_routes.py:58]
2025-11-25 07:13:49,534 WARNING: Using a mock model - predictions will not be accurate [in D:\saravanan\Airsafety\module2_routes.py:80]
2025-11-25 07:13:49,534 WARNING: Using a mock model - predictions will not be accurate [in D:\saravanan\Airsafety\module2_routes.py:80]
